[07-Dec-2023 02:10:54 UTC] PHP Fatal error:  Composer detected issues in your platform: Your Composer dependencies require a PHP version ">= 7.4.0". You are running 7.3.33. in /home/nodexyz/forum.node16.xyz/vendor/composer/platform_check.php on line 24
[07-Dec-2023 02:10:55 UTC] PHP Fatal error:  Composer detected issues in your platform: Your Composer dependencies require a PHP version ">= 7.4.0". You are running 7.3.33. in /home/nodexyz/forum.node16.xyz/vendor/composer/platform_check.php on line 24
[07-Dec-2023 02:10:55 UTC] PHP Fatal error:  Composer detected issues in your platform: Your Composer dependencies require a PHP version ">= 7.4.0". You are running 7.3.33. in /home/nodexyz/forum.node16.xyz/vendor/composer/platform_check.php on line 24
[07-Dec-2023 02:13:01 UTC] PHP Fatal error:  Composer detected issues in your platform: Your Composer dependencies require a PHP version ">= 7.4.0". You are running 7.3.33. in /home/nodexyz/forum.node16.xyz/vendor/composer/platform_check.php on line 24
[07-Dec-2023 02:13:04 UTC] PHP Fatal error:  Composer detected issues in your platform: Your Composer dependencies require a PHP version ">= 7.4.0". You are running 7.3.33. in /home/nodexyz/forum.node16.xyz/vendor/composer/platform_check.php on line 24
[07-Dec-2023 02:13:49 UTC] PHP Fatal error:  Composer detected issues in your platform: Your Composer dependencies require a PHP version ">= 7.4.0". You are running 7.3.33. in /home/nodexyz/forum.node16.xyz/vendor/composer/platform_check.php on line 24
[07-Dec-2023 02:13:53 UTC] PHP Fatal error:  Composer detected issues in your platform: Your Composer dependencies require a PHP version ">= 7.4.0". You are running 7.3.33. in /home/nodexyz/forum.node16.xyz/vendor/composer/platform_check.php on line 24
[07-Dec-2023 02:13:53 UTC] PHP Fatal error:  Composer detected issues in your platform: Your Composer dependencies require a PHP version ">= 7.4.0". You are running 7.3.33. in /home/nodexyz/forum.node16.xyz/vendor/composer/platform_check.php on line 24
[07-Dec-2023 02:15:40 UTC] PHP Fatal error:  Composer detected issues in your platform: Your Composer dependencies require a PHP version ">= 7.4.0". You are running 7.3.33. in /home/nodexyz/forum.node16.xyz/vendor/composer/platform_check.php on line 24
[07-Dec-2023 02:16:06 UTC] PHP Fatal error:  Composer detected issues in your platform: Your Composer dependencies require a PHP version ">= 7.4.0". You are running 7.3.33. in /home/nodexyz/forum.node16.xyz/vendor/composer/platform_check.php on line 24
[07-Dec-2023 02:16:22 UTC] PHP Fatal error:  Composer detected issues in your platform: Your Composer dependencies require a PHP version ">= 7.4.0". You are running 7.3.33. in /home/nodexyz/forum.node16.xyz/vendor/composer/platform_check.php on line 24
[07-Dec-2023 02:17:37 UTC] PHP Fatal error:  Composer detected issues in your platform: Your Composer dependencies require a PHP version ">= 7.4.0". You are running 7.3.33. in /home/nodexyz/forum.node16.xyz/vendor/composer/platform_check.php on line 24
[07-Dec-2023 02:17:53 UTC] PHP Fatal error:  Composer detected issues in your platform: Your Composer dependencies require a PHP version ">= 7.4.0". You are running 7.3.33. in /home/nodexyz/forum.node16.xyz/vendor/composer/platform_check.php on line 24
[07-Dec-2023 02:19:02 UTC] PHP Fatal error:  Composer detected issues in your platform: Your Composer dependencies require a PHP version ">= 7.4.0". You are running 7.3.33. in /home/nodexyz/forum.node16.xyz/vendor/composer/platform_check.php on line 24
[07-Dec-2023 02:19:39 UTC] PHP Fatal error:  Composer detected issues in your platform: Your Composer dependencies require a PHP version ">= 7.4.0". You are running 7.3.33. in /home/nodexyz/forum.node16.xyz/vendor/composer/platform_check.php on line 24
[07-Dec-2023 02:20:23 UTC] PHP Fatal error:  Composer detected issues in your platform: Your Composer dependencies require a PHP version ">= 7.4.0". You are running 7.3.33. in /home/nodexyz/forum.node16.xyz/vendor/composer/platform_check.php on line 24
[07-Dec-2023 02:22:58 UTC] PHP Fatal error:  Composer detected issues in your platform: Your Composer dependencies require a PHP version ">= 7.4.0". You are running 7.3.33. in /home/nodexyz/forum.node16.xyz/vendor/composer/platform_check.php on line 24
[07-Dec-2023 02:23:01 UTC] PHP Fatal error:  Composer detected issues in your platform: Your Composer dependencies require a PHP version ">= 7.4.0". You are running 7.3.33. in /home/nodexyz/forum.node16.xyz/vendor/composer/platform_check.php on line 24
[07-Dec-2023 02:23:22 UTC] PHP Fatal error:  Composer detected issues in your platform: Your Composer dependencies require a PHP version ">= 7.4.0". You are running 7.3.33. in /home/nodexyz/forum.node16.xyz/vendor/composer/platform_check.php on line 24
[07-Dec-2023 02:24:13 UTC] PHP Fatal error:  Composer detected issues in your platform: Your Composer dependencies require a PHP version ">= 7.4.0". You are running 7.3.33. in /home/nodexyz/forum.node16.xyz/vendor/composer/platform_check.php on line 24
[07-Dec-2023 02:28:48 UTC] PHP Fatal error:  Composer detected issues in your platform: Your Composer dependencies require a PHP version ">= 7.4.0". You are running 7.3.33. in /home/nodexyz/forum.node16.xyz/vendor/composer/platform_check.php on line 24
[07-Dec-2023 02:28:51 UTC] PHP Fatal error:  Composer detected issues in your platform: Your Composer dependencies require a PHP version ">= 7.4.0". You are running 7.3.33. in /home/nodexyz/forum.node16.xyz/vendor/composer/platform_check.php on line 24
[07-Dec-2023 02:32:40 UTC] PHP Fatal error:  Composer detected issues in your platform: Your Composer dependencies require a PHP version ">= 7.4.0". You are running 7.3.33. in /home/nodexyz/forum.node16.xyz/vendor/composer/platform_check.php on line 24
[07-Dec-2023 02:32:41 UTC] PHP Fatal error:  Composer detected issues in your platform: Your Composer dependencies require a PHP version ">= 7.4.0". You are running 7.3.33. in /home/nodexyz/forum.node16.xyz/vendor/composer/platform_check.php on line 24
[07-Dec-2023 20:15:24 UTC] PHP Fatal error:  Composer detected issues in your platform: Your Composer dependencies require a PHP version ">= 7.4.0". You are running 7.3.33. in /home/nodexyz/forum.node16.xyz/vendor/composer/platform_check.php on line 24
[07-Dec-2023 20:15:25 UTC] PHP Fatal error:  Composer detected issues in your platform: Your Composer dependencies require a PHP version ">= 7.4.0". You are running 7.3.33. in /home/nodexyz/forum.node16.xyz/vendor/composer/platform_check.php on line 24
[07-Dec-2023 14:20:39 US/Central] PHP Warning:  simplexml_load_file(): SSL operation failed with code 1. OpenSSL Error messages:
error:1416F086:SSL routines:tls_process_server_certificate:certificate verify failed in /home/nodexyz/forum.node16.xyz/admin/index.php on line 24
[07-Dec-2023 14:20:39 US/Central] PHP Warning:  simplexml_load_file(): Failed to enable crypto in /home/nodexyz/forum.node16.xyz/admin/index.php on line 24
[07-Dec-2023 14:20:39 US/Central] PHP Warning:  simplexml_load_file(https://api.tidybb.co.uk/api.php?cmd=version): failed to open stream: operation failed in /home/nodexyz/forum.node16.xyz/admin/index.php on line 24
[07-Dec-2023 14:20:39 US/Central] PHP Warning:  simplexml_load_file(): I/O warning : failed to load external entity &quot;https://api.tidybb.co.uk/api.php?cmd=version&quot; in /home/nodexyz/forum.node16.xyz/admin/index.php on line 24
[07-Dec-2023 14:20:41 US/Central] PHP Warning:  simplexml_load_file(): SSL operation failed with code 1. OpenSSL Error messages:
error:1416F086:SSL routines:tls_process_server_certificate:certificate verify failed in /home/nodexyz/forum.node16.xyz/admin/index.php on line 161
[07-Dec-2023 14:20:41 US/Central] PHP Warning:  simplexml_load_file(): Failed to enable crypto in /home/nodexyz/forum.node16.xyz/admin/index.php on line 161
[07-Dec-2023 14:20:41 US/Central] PHP Warning:  simplexml_load_file(https://api.tidybb.co.uk/api.php?cmd=newsfeed): failed to open stream: operation failed in /home/nodexyz/forum.node16.xyz/admin/index.php on line 161
[07-Dec-2023 14:20:41 US/Central] PHP Warning:  simplexml_load_file(): I/O warning : failed to load external entity &quot;https://api.tidybb.co.uk/api.php?cmd=newsfeed&quot; in /home/nodexyz/forum.node16.xyz/admin/index.php on line 161
[07-Dec-2023 14:20:41 US/Central] PHP Warning:  Invalid argument supplied for foreach() in /home/nodexyz/forum.node16.xyz/admin/index.php on line 163
[07-Dec-2023 14:22:08 US/Central] PHP Warning:  simplexml_load_file(): SSL operation failed with code 1. OpenSSL Error messages:
error:1416F086:SSL routines:tls_process_server_certificate:certificate verify failed in /home/nodexyz/forum.node16.xyz/admin/index.php on line 24
[07-Dec-2023 14:22:08 US/Central] PHP Warning:  simplexml_load_file(): Failed to enable crypto in /home/nodexyz/forum.node16.xyz/admin/index.php on line 24
[07-Dec-2023 14:22:08 US/Central] PHP Warning:  simplexml_load_file(https://api.tidybb.co.uk/api.php?cmd=version): failed to open stream: operation failed in /home/nodexyz/forum.node16.xyz/admin/index.php on line 24
[07-Dec-2023 14:22:08 US/Central] PHP Warning:  simplexml_load_file(): I/O warning : failed to load external entity &quot;https://api.tidybb.co.uk/api.php?cmd=version&quot; in /home/nodexyz/forum.node16.xyz/admin/index.php on line 24
[07-Dec-2023 14:22:10 US/Central] PHP Warning:  simplexml_load_file(): SSL operation failed with code 1. OpenSSL Error messages:
error:1416F086:SSL routines:tls_process_server_certificate:certificate verify failed in /home/nodexyz/forum.node16.xyz/admin/index.php on line 161
[07-Dec-2023 14:22:10 US/Central] PHP Warning:  simplexml_load_file(): Failed to enable crypto in /home/nodexyz/forum.node16.xyz/admin/index.php on line 161
[07-Dec-2023 14:22:10 US/Central] PHP Warning:  simplexml_load_file(https://api.tidybb.co.uk/api.php?cmd=newsfeed): failed to open stream: operation failed in /home/nodexyz/forum.node16.xyz/admin/index.php on line 161
[07-Dec-2023 14:22:10 US/Central] PHP Warning:  simplexml_load_file(): I/O warning : failed to load external entity &quot;https://api.tidybb.co.uk/api.php?cmd=newsfeed&quot; in /home/nodexyz/forum.node16.xyz/admin/index.php on line 161
[07-Dec-2023 14:22:10 US/Central] PHP Warning:  Invalid argument supplied for foreach() in /home/nodexyz/forum.node16.xyz/admin/index.php on line 163
[07-Dec-2023 14:24:16 US/Central] PHP Warning:  simplexml_load_file(): SSL operation failed with code 1. OpenSSL Error messages:
error:1416F086:SSL routines:tls_process_server_certificate:certificate verify failed in /home/nodexyz/forum.node16.xyz/admin/index.php on line 24
[07-Dec-2023 14:24:16 US/Central] PHP Warning:  simplexml_load_file(): Failed to enable crypto in /home/nodexyz/forum.node16.xyz/admin/index.php on line 24
[07-Dec-2023 14:24:16 US/Central] PHP Warning:  simplexml_load_file(https://api.tidybb.co.uk/api.php?cmd=version): failed to open stream: operation failed in /home/nodexyz/forum.node16.xyz/admin/index.php on line 24
[07-Dec-2023 14:24:16 US/Central] PHP Warning:  simplexml_load_file(): I/O warning : failed to load external entity &quot;https://api.tidybb.co.uk/api.php?cmd=version&quot; in /home/nodexyz/forum.node16.xyz/admin/index.php on line 24
[07-Dec-2023 14:24:18 US/Central] PHP Warning:  simplexml_load_file(): SSL operation failed with code 1. OpenSSL Error messages:
error:1416F086:SSL routines:tls_process_server_certificate:certificate verify failed in /home/nodexyz/forum.node16.xyz/admin/index.php on line 161
[07-Dec-2023 14:24:18 US/Central] PHP Warning:  simplexml_load_file(): Failed to enable crypto in /home/nodexyz/forum.node16.xyz/admin/index.php on line 161
[07-Dec-2023 14:24:18 US/Central] PHP Warning:  simplexml_load_file(https://api.tidybb.co.uk/api.php?cmd=newsfeed): failed to open stream: operation failed in /home/nodexyz/forum.node16.xyz/admin/index.php on line 161
[07-Dec-2023 14:24:18 US/Central] PHP Warning:  simplexml_load_file(): I/O warning : failed to load external entity &quot;https://api.tidybb.co.uk/api.php?cmd=newsfeed&quot; in /home/nodexyz/forum.node16.xyz/admin/index.php on line 161
[07-Dec-2023 14:24:18 US/Central] PHP Warning:  Invalid argument supplied for foreach() in /home/nodexyz/forum.node16.xyz/admin/index.php on line 163
[07-Dec-2023 14:24:25 US/Central] PHP Warning:  simplexml_load_file(): SSL operation failed with code 1. OpenSSL Error messages:
error:1416F086:SSL routines:tls_process_server_certificate:certificate verify failed in /home/nodexyz/forum.node16.xyz/admin/index.php on line 24
[07-Dec-2023 14:24:25 US/Central] PHP Warning:  simplexml_load_file(): Failed to enable crypto in /home/nodexyz/forum.node16.xyz/admin/index.php on line 24
[07-Dec-2023 14:24:25 US/Central] PHP Warning:  simplexml_load_file(https://api.tidybb.co.uk/api.php?cmd=version): failed to open stream: operation failed in /home/nodexyz/forum.node16.xyz/admin/index.php on line 24
[07-Dec-2023 14:24:25 US/Central] PHP Warning:  simplexml_load_file(): I/O warning : failed to load external entity &quot;https://api.tidybb.co.uk/api.php?cmd=version&quot; in /home/nodexyz/forum.node16.xyz/admin/index.php on line 24
[07-Dec-2023 14:24:27 US/Central] PHP Warning:  simplexml_load_file(): SSL operation failed with code 1. OpenSSL Error messages:
error:1416F086:SSL routines:tls_process_server_certificate:certificate verify failed in /home/nodexyz/forum.node16.xyz/admin/index.php on line 161
[07-Dec-2023 14:24:27 US/Central] PHP Warning:  simplexml_load_file(): Failed to enable crypto in /home/nodexyz/forum.node16.xyz/admin/index.php on line 161
[07-Dec-2023 14:24:27 US/Central] PHP Warning:  simplexml_load_file(https://api.tidybb.co.uk/api.php?cmd=newsfeed): failed to open stream: operation failed in /home/nodexyz/forum.node16.xyz/admin/index.php on line 161
[07-Dec-2023 14:24:27 US/Central] PHP Warning:  simplexml_load_file(): I/O warning : failed to load external entity &quot;https://api.tidybb.co.uk/api.php?cmd=newsfeed&quot; in /home/nodexyz/forum.node16.xyz/admin/index.php on line 161
[07-Dec-2023 14:24:27 US/Central] PHP Warning:  Invalid argument supplied for foreach() in /home/nodexyz/forum.node16.xyz/admin/index.php on line 163
[07-Dec-2023 14:26:14 US/Central] PHP Warning:  A non-numeric value encountered in /home/nodexyz/forum.node16.xyz/applications/functions.php on line 637
[07-Dec-2023 14:26:27 US/Central] PHP Warning:  A non-numeric value encountered in /home/nodexyz/forum.node16.xyz/applications/functions.php on line 637
[07-Dec-2023 14:27:08 US/Central] PHP Warning:  A non-numeric value encountered in /home/nodexyz/forum.node16.xyz/applications/functions.php on line 637
[07-Dec-2023 14:28:25 US/Central] PHP Warning:  simplexml_load_file(): SSL operation failed with code 1. OpenSSL Error messages:
error:1416F086:SSL routines:tls_process_server_certificate:certificate verify failed in /home/nodexyz/forum.node16.xyz/admin/index.php on line 24
[07-Dec-2023 14:28:25 US/Central] PHP Warning:  simplexml_load_file(): Failed to enable crypto in /home/nodexyz/forum.node16.xyz/admin/index.php on line 24
[07-Dec-2023 14:28:25 US/Central] PHP Warning:  simplexml_load_file(https://api.tidybb.co.uk/api.php?cmd=version): failed to open stream: operation failed in /home/nodexyz/forum.node16.xyz/admin/index.php on line 24
[07-Dec-2023 14:28:25 US/Central] PHP Warning:  simplexml_load_file(): I/O warning : failed to load external entity &quot;https://api.tidybb.co.uk/api.php?cmd=version&quot; in /home/nodexyz/forum.node16.xyz/admin/index.php on line 24
[07-Dec-2023 14:28:27 US/Central] PHP Warning:  simplexml_load_file(): SSL operation failed with code 1. OpenSSL Error messages:
error:1416F086:SSL routines:tls_process_server_certificate:certificate verify failed in /home/nodexyz/forum.node16.xyz/admin/index.php on line 161
[07-Dec-2023 14:28:27 US/Central] PHP Warning:  simplexml_load_file(): Failed to enable crypto in /home/nodexyz/forum.node16.xyz/admin/index.php on line 161
[07-Dec-2023 14:28:27 US/Central] PHP Warning:  simplexml_load_file(https://api.tidybb.co.uk/api.php?cmd=newsfeed): failed to open stream: operation failed in /home/nodexyz/forum.node16.xyz/admin/index.php on line 161
[07-Dec-2023 14:28:27 US/Central] PHP Warning:  simplexml_load_file(): I/O warning : failed to load external entity &quot;https://api.tidybb.co.uk/api.php?cmd=newsfeed&quot; in /home/nodexyz/forum.node16.xyz/admin/index.php on line 161
[07-Dec-2023 14:28:27 US/Central] PHP Warning:  Invalid argument supplied for foreach() in /home/nodexyz/forum.node16.xyz/admin/index.php on line 163
[07-Dec-2023 14:29:26 US/Central] PHP Warning:  simplexml_load_file(): SSL operation failed with code 1. OpenSSL Error messages:
error:1416F086:SSL routines:tls_process_server_certificate:certificate verify failed in /home/nodexyz/forum.node16.xyz/admin/index.php on line 24
[07-Dec-2023 14:29:26 US/Central] PHP Warning:  simplexml_load_file(): Failed to enable crypto in /home/nodexyz/forum.node16.xyz/admin/index.php on line 24
[07-Dec-2023 14:29:26 US/Central] PHP Warning:  simplexml_load_file(https://api.tidybb.co.uk/api.php?cmd=version): failed to open stream: operation failed in /home/nodexyz/forum.node16.xyz/admin/index.php on line 24
[07-Dec-2023 14:29:26 US/Central] PHP Warning:  simplexml_load_file(): I/O warning : failed to load external entity &quot;https://api.tidybb.co.uk/api.php?cmd=version&quot; in /home/nodexyz/forum.node16.xyz/admin/index.php on line 24
[07-Dec-2023 14:29:26 US/Central] PHP Warning:  simplexml_load_file(): SSL operation failed with code 1. OpenSSL Error messages:
error:1416F086:SSL routines:tls_process_server_certificate:certificate verify failed in /home/nodexyz/forum.node16.xyz/admin/index.php on line 161
[07-Dec-2023 14:29:26 US/Central] PHP Warning:  simplexml_load_file(): Failed to enable crypto in /home/nodexyz/forum.node16.xyz/admin/index.php on line 161
[07-Dec-2023 14:29:26 US/Central] PHP Warning:  simplexml_load_file(https://api.tidybb.co.uk/api.php?cmd=newsfeed): failed to open stream: operation failed in /home/nodexyz/forum.node16.xyz/admin/index.php on line 161
[07-Dec-2023 14:29:26 US/Central] PHP Warning:  simplexml_load_file(): I/O warning : failed to load external entity &quot;https://api.tidybb.co.uk/api.php?cmd=newsfeed&quot; in /home/nodexyz/forum.node16.xyz/admin/index.php on line 161
[07-Dec-2023 14:29:26 US/Central] PHP Warning:  Invalid argument supplied for foreach() in /home/nodexyz/forum.node16.xyz/admin/index.php on line 163
[07-Dec-2023 14:30:48 US/Central] PHP Warning:  simplexml_load_file(): SSL operation failed with code 1. OpenSSL Error messages:
error:1416F086:SSL routines:tls_process_server_certificate:certificate verify failed in /home/nodexyz/forum.node16.xyz/admin/index.php on line 24
[07-Dec-2023 14:30:48 US/Central] PHP Warning:  simplexml_load_file(): Failed to enable crypto in /home/nodexyz/forum.node16.xyz/admin/index.php on line 24
[07-Dec-2023 14:30:48 US/Central] PHP Warning:  simplexml_load_file(https://api.tidybb.co.uk/api.php?cmd=version): failed to open stream: operation failed in /home/nodexyz/forum.node16.xyz/admin/index.php on line 24
[07-Dec-2023 14:30:48 US/Central] PHP Warning:  simplexml_load_file(): I/O warning : failed to load external entity &quot;https://api.tidybb.co.uk/api.php?cmd=version&quot; in /home/nodexyz/forum.node16.xyz/admin/index.php on line 24
[07-Dec-2023 14:30:48 US/Central] PHP Warning:  simplexml_load_file(): SSL operation failed with code 1. OpenSSL Error messages:
error:1416F086:SSL routines:tls_process_server_certificate:certificate verify failed in /home/nodexyz/forum.node16.xyz/admin/index.php on line 161
[07-Dec-2023 14:30:48 US/Central] PHP Warning:  simplexml_load_file(): Failed to enable crypto in /home/nodexyz/forum.node16.xyz/admin/index.php on line 161
[07-Dec-2023 14:30:48 US/Central] PHP Warning:  simplexml_load_file(https://api.tidybb.co.uk/api.php?cmd=newsfeed): failed to open stream: operation failed in /home/nodexyz/forum.node16.xyz/admin/index.php on line 161
[07-Dec-2023 14:30:48 US/Central] PHP Warning:  simplexml_load_file(): I/O warning : failed to load external entity &quot;https://api.tidybb.co.uk/api.php?cmd=newsfeed&quot; in /home/nodexyz/forum.node16.xyz/admin/index.php on line 161
[07-Dec-2023 14:30:48 US/Central] PHP Warning:  Invalid argument supplied for foreach() in /home/nodexyz/forum.node16.xyz/admin/index.php on line 163
[07-Dec-2023 14:33:19 US/Central] PHP Warning:  simplexml_load_file(): SSL operation failed with code 1. OpenSSL Error messages:
error:1416F086:SSL routines:tls_process_server_certificate:certificate verify failed in /home/nodexyz/forum.node16.xyz/admin/index.php on line 24
[07-Dec-2023 14:33:19 US/Central] PHP Warning:  simplexml_load_file(): Failed to enable crypto in /home/nodexyz/forum.node16.xyz/admin/index.php on line 24
[07-Dec-2023 14:33:19 US/Central] PHP Warning:  simplexml_load_file(https://api.tidybb.co.uk/api.php?cmd=version): failed to open stream: operation failed in /home/nodexyz/forum.node16.xyz/admin/index.php on line 24
[07-Dec-2023 14:33:19 US/Central] PHP Warning:  simplexml_load_file(): I/O warning : failed to load external entity &quot;https://api.tidybb.co.uk/api.php?cmd=version&quot; in /home/nodexyz/forum.node16.xyz/admin/index.php on line 24
[07-Dec-2023 14:33:19 US/Central] PHP Warning:  simplexml_load_file(): SSL operation failed with code 1. OpenSSL Error messages:
error:1416F086:SSL routines:tls_process_server_certificate:certificate verify failed in /home/nodexyz/forum.node16.xyz/admin/index.php on line 161
[07-Dec-2023 14:33:19 US/Central] PHP Warning:  simplexml_load_file(): Failed to enable crypto in /home/nodexyz/forum.node16.xyz/admin/index.php on line 161
[07-Dec-2023 14:33:19 US/Central] PHP Warning:  simplexml_load_file(https://api.tidybb.co.uk/api.php?cmd=newsfeed): failed to open stream: operation failed in /home/nodexyz/forum.node16.xyz/admin/index.php on line 161
[07-Dec-2023 14:33:19 US/Central] PHP Warning:  simplexml_load_file(): I/O warning : failed to load external entity &quot;https://api.tidybb.co.uk/api.php?cmd=newsfeed&quot; in /home/nodexyz/forum.node16.xyz/admin/index.php on line 161
[07-Dec-2023 14:33:19 US/Central] PHP Warning:  Invalid argument supplied for foreach() in /home/nodexyz/forum.node16.xyz/admin/index.php on line 163
[07-Dec-2023 14:37:41 US/Central] PHP Warning:  simplexml_load_file(): SSL operation failed with code 1. OpenSSL Error messages:
error:1416F086:SSL routines:tls_process_server_certificate:certificate verify failed in /home/nodexyz/forum.node16.xyz/admin/index.php on line 24
[07-Dec-2023 14:37:41 US/Central] PHP Warning:  simplexml_load_file(): Failed to enable crypto in /home/nodexyz/forum.node16.xyz/admin/index.php on line 24
[07-Dec-2023 14:37:41 US/Central] PHP Warning:  simplexml_load_file(https://api.tidybb.co.uk/api.php?cmd=version): failed to open stream: operation failed in /home/nodexyz/forum.node16.xyz/admin/index.php on line 24
[07-Dec-2023 14:37:41 US/Central] PHP Warning:  simplexml_load_file(): I/O warning : failed to load external entity &quot;https://api.tidybb.co.uk/api.php?cmd=version&quot; in /home/nodexyz/forum.node16.xyz/admin/index.php on line 24
[07-Dec-2023 14:37:41 US/Central] PHP Warning:  simplexml_load_file(): SSL operation failed with code 1. OpenSSL Error messages:
error:1416F086:SSL routines:tls_process_server_certificate:certificate verify failed in /home/nodexyz/forum.node16.xyz/admin/index.php on line 161
[07-Dec-2023 14:37:41 US/Central] PHP Warning:  simplexml_load_file(): Failed to enable crypto in /home/nodexyz/forum.node16.xyz/admin/index.php on line 161
[07-Dec-2023 14:37:41 US/Central] PHP Warning:  simplexml_load_file(https://api.tidybb.co.uk/api.php?cmd=newsfeed): failed to open stream: operation failed in /home/nodexyz/forum.node16.xyz/admin/index.php on line 161
[07-Dec-2023 14:37:41 US/Central] PHP Warning:  simplexml_load_file(): I/O warning : failed to load external entity &quot;https://api.tidybb.co.uk/api.php?cmd=newsfeed&quot; in /home/nodexyz/forum.node16.xyz/admin/index.php on line 161
[07-Dec-2023 14:37:41 US/Central] PHP Warning:  Invalid argument supplied for foreach() in /home/nodexyz/forum.node16.xyz/admin/index.php on line 163
[07-Dec-2023 14:42:43 US/Central] PHP Warning:  simplexml_load_file(): SSL operation failed with code 1. OpenSSL Error messages:
error:1416F086:SSL routines:tls_process_server_certificate:certificate verify failed in /home/nodexyz/forum.node16.xyz/admin/index.php on line 24
[07-Dec-2023 14:42:43 US/Central] PHP Warning:  simplexml_load_file(): Failed to enable crypto in /home/nodexyz/forum.node16.xyz/admin/index.php on line 24
[07-Dec-2023 14:42:43 US/Central] PHP Warning:  simplexml_load_file(https://api.tidybb.co.uk/api.php?cmd=version): failed to open stream: operation failed in /home/nodexyz/forum.node16.xyz/admin/index.php on line 24
[07-Dec-2023 14:42:43 US/Central] PHP Warning:  simplexml_load_file(): I/O warning : failed to load external entity &quot;https://api.tidybb.co.uk/api.php?cmd=version&quot; in /home/nodexyz/forum.node16.xyz/admin/index.php on line 24
[07-Dec-2023 14:42:43 US/Central] PHP Warning:  simplexml_load_file(): SSL operation failed with code 1. OpenSSL Error messages:
error:1416F086:SSL routines:tls_process_server_certificate:certificate verify failed in /home/nodexyz/forum.node16.xyz/admin/index.php on line 161
[07-Dec-2023 14:42:43 US/Central] PHP Warning:  simplexml_load_file(): Failed to enable crypto in /home/nodexyz/forum.node16.xyz/admin/index.php on line 161
[07-Dec-2023 14:42:43 US/Central] PHP Warning:  simplexml_load_file(https://api.tidybb.co.uk/api.php?cmd=newsfeed): failed to open stream: operation failed in /home/nodexyz/forum.node16.xyz/admin/index.php on line 161
[07-Dec-2023 14:42:43 US/Central] PHP Warning:  simplexml_load_file(): I/O warning : failed to load external entity &quot;https://api.tidybb.co.uk/api.php?cmd=newsfeed&quot; in /home/nodexyz/forum.node16.xyz/admin/index.php on line 161
[07-Dec-2023 14:42:43 US/Central] PHP Warning:  Invalid argument supplied for foreach() in /home/nodexyz/forum.node16.xyz/admin/index.php on line 163
[07-Dec-2023 15:26:15 US/Central] PHP Warning:  simplexml_load_file(): SSL operation failed with code 1. OpenSSL Error messages:
error:1416F086:SSL routines:tls_process_server_certificate:certificate verify failed in /home/nodexyz/forum.node16.xyz/admin/index.php on line 24
[07-Dec-2023 15:26:15 US/Central] PHP Warning:  simplexml_load_file(): Failed to enable crypto in /home/nodexyz/forum.node16.xyz/admin/index.php on line 24
[07-Dec-2023 15:26:15 US/Central] PHP Warning:  simplexml_load_file(https://api.tidybb.co.uk/api.php?cmd=version): failed to open stream: operation failed in /home/nodexyz/forum.node16.xyz/admin/index.php on line 24
[07-Dec-2023 15:26:15 US/Central] PHP Warning:  simplexml_load_file(): I/O warning : failed to load external entity &quot;https://api.tidybb.co.uk/api.php?cmd=version&quot; in /home/nodexyz/forum.node16.xyz/admin/index.php on line 24
[07-Dec-2023 15:26:15 US/Central] PHP Warning:  simplexml_load_file(): SSL operation failed with code 1. OpenSSL Error messages:
error:1416F086:SSL routines:tls_process_server_certificate:certificate verify failed in /home/nodexyz/forum.node16.xyz/admin/index.php on line 161
[07-Dec-2023 15:26:15 US/Central] PHP Warning:  simplexml_load_file(): Failed to enable crypto in /home/nodexyz/forum.node16.xyz/admin/index.php on line 161
[07-Dec-2023 15:26:15 US/Central] PHP Warning:  simplexml_load_file(https://api.tidybb.co.uk/api.php?cmd=newsfeed): failed to open stream: operation failed in /home/nodexyz/forum.node16.xyz/admin/index.php on line 161
[07-Dec-2023 15:26:15 US/Central] PHP Warning:  simplexml_load_file(): I/O warning : failed to load external entity &quot;https://api.tidybb.co.uk/api.php?cmd=newsfeed&quot; in /home/nodexyz/forum.node16.xyz/admin/index.php on line 161
[07-Dec-2023 15:26:15 US/Central] PHP Warning:  Invalid argument supplied for foreach() in /home/nodexyz/forum.node16.xyz/admin/index.php on line 163
[07-Dec-2023 15:54:01 US/Central] PHP Warning:  simplexml_load_file(): SSL operation failed with code 1. OpenSSL Error messages:
error:1416F086:SSL routines:tls_process_server_certificate:certificate verify failed in /home/nodexyz/forum.node16.xyz/admin/index.php on line 24
[07-Dec-2023 15:54:01 US/Central] PHP Warning:  simplexml_load_file(): Failed to enable crypto in /home/nodexyz/forum.node16.xyz/admin/index.php on line 24
[07-Dec-2023 15:54:01 US/Central] PHP Warning:  simplexml_load_file(https://api.tidybb.co.uk/api.php?cmd=version): failed to open stream: operation failed in /home/nodexyz/forum.node16.xyz/admin/index.php on line 24
[07-Dec-2023 15:54:01 US/Central] PHP Warning:  simplexml_load_file(): I/O warning : failed to load external entity &quot;https://api.tidybb.co.uk/api.php?cmd=version&quot; in /home/nodexyz/forum.node16.xyz/admin/index.php on line 24
[07-Dec-2023 15:54:02 US/Central] PHP Warning:  simplexml_load_file(): SSL operation failed with code 1. OpenSSL Error messages:
error:1416F086:SSL routines:tls_process_server_certificate:certificate verify failed in /home/nodexyz/forum.node16.xyz/admin/index.php on line 161
[07-Dec-2023 15:54:02 US/Central] PHP Warning:  simplexml_load_file(): Failed to enable crypto in /home/nodexyz/forum.node16.xyz/admin/index.php on line 161
[07-Dec-2023 15:54:02 US/Central] PHP Warning:  simplexml_load_file(https://api.tidybb.co.uk/api.php?cmd=newsfeed): failed to open stream: operation failed in /home/nodexyz/forum.node16.xyz/admin/index.php on line 161
[07-Dec-2023 15:54:02 US/Central] PHP Warning:  simplexml_load_file(): I/O warning : failed to load external entity &quot;https://api.tidybb.co.uk/api.php?cmd=newsfeed&quot; in /home/nodexyz/forum.node16.xyz/admin/index.php on line 161
[07-Dec-2023 15:54:02 US/Central] PHP Warning:  Invalid argument supplied for foreach() in /home/nodexyz/forum.node16.xyz/admin/index.php on line 163
[07-Dec-2023 15:54:19 US/Central] PHP Warning:  simplexml_load_file(): SSL operation failed with code 1. OpenSSL Error messages:
error:1416F086:SSL routines:tls_process_server_certificate:certificate verify failed in /home/nodexyz/forum.node16.xyz/admin/index.php on line 24
[07-Dec-2023 15:54:19 US/Central] PHP Warning:  simplexml_load_file(): Failed to enable crypto in /home/nodexyz/forum.node16.xyz/admin/index.php on line 24
[07-Dec-2023 15:54:19 US/Central] PHP Warning:  simplexml_load_file(https://api.tidybb.co.uk/api.php?cmd=version): failed to open stream: operation failed in /home/nodexyz/forum.node16.xyz/admin/index.php on line 24
[07-Dec-2023 15:54:19 US/Central] PHP Warning:  simplexml_load_file(): I/O warning : failed to load external entity &quot;https://api.tidybb.co.uk/api.php?cmd=version&quot; in /home/nodexyz/forum.node16.xyz/admin/index.php on line 24
[07-Dec-2023 15:54:19 US/Central] PHP Warning:  simplexml_load_file(): SSL operation failed with code 1. OpenSSL Error messages:
error:1416F086:SSL routines:tls_process_server_certificate:certificate verify failed in /home/nodexyz/forum.node16.xyz/admin/index.php on line 161
[07-Dec-2023 15:54:19 US/Central] PHP Warning:  simplexml_load_file(): Failed to enable crypto in /home/nodexyz/forum.node16.xyz/admin/index.php on line 161
[07-Dec-2023 15:54:19 US/Central] PHP Warning:  simplexml_load_file(https://api.tidybb.co.uk/api.php?cmd=newsfeed): failed to open stream: operation failed in /home/nodexyz/forum.node16.xyz/admin/index.php on line 161
[07-Dec-2023 15:54:19 US/Central] PHP Warning:  simplexml_load_file(): I/O warning : failed to load external entity &quot;https://api.tidybb.co.uk/api.php?cmd=newsfeed&quot; in /home/nodexyz/forum.node16.xyz/admin/index.php on line 161
[07-Dec-2023 15:54:19 US/Central] PHP Warning:  Invalid argument supplied for foreach() in /home/nodexyz/forum.node16.xyz/admin/index.php on line 163
[07-Dec-2023 15:55:23 US/Central] PHP Warning:  simplexml_load_file(): SSL operation failed with code 1. OpenSSL Error messages:
error:1416F086:SSL routines:tls_process_server_certificate:certificate verify failed in /home/nodexyz/forum.node16.xyz/admin/index.php on line 24
[07-Dec-2023 15:55:23 US/Central] PHP Warning:  simplexml_load_file(): Failed to enable crypto in /home/nodexyz/forum.node16.xyz/admin/index.php on line 24
[07-Dec-2023 15:55:23 US/Central] PHP Warning:  simplexml_load_file(https://api.tidybb.co.uk/api.php?cmd=version): failed to open stream: operation failed in /home/nodexyz/forum.node16.xyz/admin/index.php on line 24
[07-Dec-2023 15:55:23 US/Central] PHP Warning:  simplexml_load_file(): I/O warning : failed to load external entity &quot;https://api.tidybb.co.uk/api.php?cmd=version&quot; in /home/nodexyz/forum.node16.xyz/admin/index.php on line 24
[07-Dec-2023 15:55:23 US/Central] PHP Warning:  simplexml_load_file(): SSL operation failed with code 1. OpenSSL Error messages:
error:1416F086:SSL routines:tls_process_server_certificate:certificate verify failed in /home/nodexyz/forum.node16.xyz/admin/index.php on line 161
[07-Dec-2023 15:55:23 US/Central] PHP Warning:  simplexml_load_file(): Failed to enable crypto in /home/nodexyz/forum.node16.xyz/admin/index.php on line 161
[07-Dec-2023 15:55:23 US/Central] PHP Warning:  simplexml_load_file(https://api.tidybb.co.uk/api.php?cmd=newsfeed): failed to open stream: operation failed in /home/nodexyz/forum.node16.xyz/admin/index.php on line 161
[07-Dec-2023 15:55:23 US/Central] PHP Warning:  simplexml_load_file(): I/O warning : failed to load external entity &quot;https://api.tidybb.co.uk/api.php?cmd=newsfeed&quot; in /home/nodexyz/forum.node16.xyz/admin/index.php on line 161
[07-Dec-2023 15:55:23 US/Central] PHP Warning:  Invalid argument supplied for foreach() in /home/nodexyz/forum.node16.xyz/admin/index.php on line 163
[07-Dec-2023 15:55:52 US/Central] PHP Warning:  A non-numeric value encountered in /home/nodexyz/forum.node16.xyz/applications/functions.php on line 637
[07-Dec-2023 15:57:07 US/Central] PHP Warning:  simplexml_load_file(): SSL operation failed with code 1. OpenSSL Error messages:
error:1416F086:SSL routines:tls_process_server_certificate:certificate verify failed in /home/nodexyz/forum.node16.xyz/admin/index.php on line 24
[07-Dec-2023 15:57:07 US/Central] PHP Warning:  simplexml_load_file(): Failed to enable crypto in /home/nodexyz/forum.node16.xyz/admin/index.php on line 24
[07-Dec-2023 15:57:07 US/Central] PHP Warning:  simplexml_load_file(https://api.tidybb.co.uk/api.php?cmd=version): failed to open stream: operation failed in /home/nodexyz/forum.node16.xyz/admin/index.php on line 24
[07-Dec-2023 15:57:07 US/Central] PHP Warning:  simplexml_load_file(): I/O warning : failed to load external entity &quot;https://api.tidybb.co.uk/api.php?cmd=version&quot; in /home/nodexyz/forum.node16.xyz/admin/index.php on line 24
[07-Dec-2023 15:57:07 US/Central] PHP Warning:  simplexml_load_file(): SSL operation failed with code 1. OpenSSL Error messages:
error:1416F086:SSL routines:tls_process_server_certificate:certificate verify failed in /home/nodexyz/forum.node16.xyz/admin/index.php on line 161
[07-Dec-2023 15:57:07 US/Central] PHP Warning:  simplexml_load_file(): Failed to enable crypto in /home/nodexyz/forum.node16.xyz/admin/index.php on line 161
[07-Dec-2023 15:57:07 US/Central] PHP Warning:  simplexml_load_file(https://api.tidybb.co.uk/api.php?cmd=newsfeed): failed to open stream: operation failed in /home/nodexyz/forum.node16.xyz/admin/index.php on line 161
[07-Dec-2023 15:57:07 US/Central] PHP Warning:  simplexml_load_file(): I/O warning : failed to load external entity &quot;https://api.tidybb.co.uk/api.php?cmd=newsfeed&quot; in /home/nodexyz/forum.node16.xyz/admin/index.php on line 161
[07-Dec-2023 15:57:07 US/Central] PHP Warning:  Invalid argument supplied for foreach() in /home/nodexyz/forum.node16.xyz/admin/index.php on line 163
[07-Dec-2023 15:57:24 US/Central] PHP Warning:  A non-numeric value encountered in /home/nodexyz/forum.node16.xyz/applications/functions.php on line 637
[07-Dec-2023 15:57:33 US/Central] PHP Warning:  simplexml_load_file(): SSL operation failed with code 1. OpenSSL Error messages:
error:1416F086:SSL routines:tls_process_server_certificate:certificate verify failed in /home/nodexyz/forum.node16.xyz/admin/index.php on line 24
[07-Dec-2023 15:57:33 US/Central] PHP Warning:  simplexml_load_file(): Failed to enable crypto in /home/nodexyz/forum.node16.xyz/admin/index.php on line 24
[07-Dec-2023 15:57:33 US/Central] PHP Warning:  simplexml_load_file(https://api.tidybb.co.uk/api.php?cmd=version): failed to open stream: operation failed in /home/nodexyz/forum.node16.xyz/admin/index.php on line 24
[07-Dec-2023 15:57:33 US/Central] PHP Warning:  simplexml_load_file(): I/O warning : failed to load external entity &quot;https://api.tidybb.co.uk/api.php?cmd=version&quot; in /home/nodexyz/forum.node16.xyz/admin/index.php on line 24
[07-Dec-2023 15:57:33 US/Central] PHP Warning:  simplexml_load_file(): SSL operation failed with code 1. OpenSSL Error messages:
error:1416F086:SSL routines:tls_process_server_certificate:certificate verify failed in /home/nodexyz/forum.node16.xyz/admin/index.php on line 161
[07-Dec-2023 15:57:33 US/Central] PHP Warning:  simplexml_load_file(): Failed to enable crypto in /home/nodexyz/forum.node16.xyz/admin/index.php on line 161
[07-Dec-2023 15:57:33 US/Central] PHP Warning:  simplexml_load_file(https://api.tidybb.co.uk/api.php?cmd=newsfeed): failed to open stream: operation failed in /home/nodexyz/forum.node16.xyz/admin/index.php on line 161
[07-Dec-2023 15:57:33 US/Central] PHP Warning:  simplexml_load_file(): I/O warning : failed to load external entity &quot;https://api.tidybb.co.uk/api.php?cmd=newsfeed&quot; in /home/nodexyz/forum.node16.xyz/admin/index.php on line 161
[07-Dec-2023 15:57:33 US/Central] PHP Warning:  Invalid argument supplied for foreach() in /home/nodexyz/forum.node16.xyz/admin/index.php on line 163
[07-Dec-2023 16:01:30 US/Central] PHP Warning:  simplexml_load_file(): SSL operation failed with code 1. OpenSSL Error messages:
error:1416F086:SSL routines:tls_process_server_certificate:certificate verify failed in /home/nodexyz/forum.node16.xyz/admin/index.php on line 24
[07-Dec-2023 16:01:30 US/Central] PHP Warning:  simplexml_load_file(): Failed to enable crypto in /home/nodexyz/forum.node16.xyz/admin/index.php on line 24
[07-Dec-2023 16:01:30 US/Central] PHP Warning:  simplexml_load_file(https://api.tidybb.co.uk/api.php?cmd=version): failed to open stream: operation failed in /home/nodexyz/forum.node16.xyz/admin/index.php on line 24
[07-Dec-2023 16:01:30 US/Central] PHP Warning:  simplexml_load_file(): I/O warning : failed to load external entity &quot;https://api.tidybb.co.uk/api.php?cmd=version&quot; in /home/nodexyz/forum.node16.xyz/admin/index.php on line 24
[07-Dec-2023 16:01:30 US/Central] PHP Warning:  simplexml_load_file(): SSL operation failed with code 1. OpenSSL Error messages:
error:1416F086:SSL routines:tls_process_server_certificate:certificate verify failed in /home/nodexyz/forum.node16.xyz/admin/index.php on line 161
[07-Dec-2023 16:01:30 US/Central] PHP Warning:  simplexml_load_file(): Failed to enable crypto in /home/nodexyz/forum.node16.xyz/admin/index.php on line 161
[07-Dec-2023 16:01:30 US/Central] PHP Warning:  simplexml_load_file(https://api.tidybb.co.uk/api.php?cmd=newsfeed): failed to open stream: operation failed in /home/nodexyz/forum.node16.xyz/admin/index.php on line 161
[07-Dec-2023 16:01:30 US/Central] PHP Warning:  simplexml_load_file(): I/O warning : failed to load external entity &quot;https://api.tidybb.co.uk/api.php?cmd=newsfeed&quot; in /home/nodexyz/forum.node16.xyz/admin/index.php on line 161
[07-Dec-2023 16:01:30 US/Central] PHP Warning:  Invalid argument supplied for foreach() in /home/nodexyz/forum.node16.xyz/admin/index.php on line 163
[07-Dec-2023 16:02:56 US/Central] PHP Warning:  simplexml_load_file(): SSL operation failed with code 1. OpenSSL Error messages:
error:1416F086:SSL routines:tls_process_server_certificate:certificate verify failed in /home/nodexyz/forum.node16.xyz/admin/index.php on line 24
[07-Dec-2023 16:02:56 US/Central] PHP Warning:  simplexml_load_file(): Failed to enable crypto in /home/nodexyz/forum.node16.xyz/admin/index.php on line 24
[07-Dec-2023 16:02:56 US/Central] PHP Warning:  simplexml_load_file(https://api.tidybb.co.uk/api.php?cmd=version): failed to open stream: operation failed in /home/nodexyz/forum.node16.xyz/admin/index.php on line 24
[07-Dec-2023 16:02:56 US/Central] PHP Warning:  simplexml_load_file(): I/O warning : failed to load external entity &quot;https://api.tidybb.co.uk/api.php?cmd=version&quot; in /home/nodexyz/forum.node16.xyz/admin/index.php on line 24
[07-Dec-2023 16:02:56 US/Central] PHP Warning:  simplexml_load_file(): SSL operation failed with code 1. OpenSSL Error messages:
error:1416F086:SSL routines:tls_process_server_certificate:certificate verify failed in /home/nodexyz/forum.node16.xyz/admin/index.php on line 161
[07-Dec-2023 16:02:56 US/Central] PHP Warning:  simplexml_load_file(): Failed to enable crypto in /home/nodexyz/forum.node16.xyz/admin/index.php on line 161
[07-Dec-2023 16:02:56 US/Central] PHP Warning:  simplexml_load_file(https://api.tidybb.co.uk/api.php?cmd=newsfeed): failed to open stream: operation failed in /home/nodexyz/forum.node16.xyz/admin/index.php on line 161
[07-Dec-2023 16:02:56 US/Central] PHP Warning:  simplexml_load_file(): I/O warning : failed to load external entity &quot;https://api.tidybb.co.uk/api.php?cmd=newsfeed&quot; in /home/nodexyz/forum.node16.xyz/admin/index.php on line 161
[07-Dec-2023 16:02:56 US/Central] PHP Warning:  Invalid argument supplied for foreach() in /home/nodexyz/forum.node16.xyz/admin/index.php on line 163
[08-Dec-2023 14:06:36 US/Central] PHP Warning:  A non-numeric value encountered in /home/nodexyz/forum.node16.xyz/applications/functions.php on line 637
[08-Dec-2023 14:06:36 US/Central] PHP Warning:  A non-numeric value encountered in /home/nodexyz/forum.node16.xyz/applications/functions.php on line 637
[08-Dec-2023 14:12:49 US/Central] PHP Warning:  A non-numeric value encountered in /home/nodexyz/forum.node16.xyz/applications/functions.php on line 637
[08-Dec-2023 14:52:33 US/Central] PHP Warning:  A non-numeric value encountered in /home/nodexyz/forum.node16.xyz/applications/functions.php on line 637
[08-Dec-2023 14:52:40 US/Central] PHP Warning:  simplexml_load_file(): SSL operation failed with code 1. OpenSSL Error messages:
error:1416F086:SSL routines:tls_process_server_certificate:certificate verify failed in /home/nodexyz/forum.node16.xyz/admin/index.php on line 24
[08-Dec-2023 14:52:40 US/Central] PHP Warning:  simplexml_load_file(): Failed to enable crypto in /home/nodexyz/forum.node16.xyz/admin/index.php on line 24
[08-Dec-2023 14:52:40 US/Central] PHP Warning:  simplexml_load_file(https://api.tidybb.co.uk/api.php?cmd=version): failed to open stream: operation failed in /home/nodexyz/forum.node16.xyz/admin/index.php on line 24
[08-Dec-2023 14:52:40 US/Central] PHP Warning:  simplexml_load_file(): I/O warning : failed to load external entity &quot;https://api.tidybb.co.uk/api.php?cmd=version&quot; in /home/nodexyz/forum.node16.xyz/admin/index.php on line 24
[08-Dec-2023 14:52:43 US/Central] PHP Warning:  simplexml_load_file(): SSL operation failed with code 1. OpenSSL Error messages:
error:1416F086:SSL routines:tls_process_server_certificate:certificate verify failed in /home/nodexyz/forum.node16.xyz/admin/index.php on line 161
[08-Dec-2023 14:52:43 US/Central] PHP Warning:  simplexml_load_file(): Failed to enable crypto in /home/nodexyz/forum.node16.xyz/admin/index.php on line 161
[08-Dec-2023 14:52:43 US/Central] PHP Warning:  simplexml_load_file(https://api.tidybb.co.uk/api.php?cmd=newsfeed): failed to open stream: operation failed in /home/nodexyz/forum.node16.xyz/admin/index.php on line 161
[08-Dec-2023 14:52:43 US/Central] PHP Warning:  simplexml_load_file(): I/O warning : failed to load external entity &quot;https://api.tidybb.co.uk/api.php?cmd=newsfeed&quot; in /home/nodexyz/forum.node16.xyz/admin/index.php on line 161
[08-Dec-2023 14:52:43 US/Central] PHP Warning:  Invalid argument supplied for foreach() in /home/nodexyz/forum.node16.xyz/admin/index.php on line 163
[08-Dec-2023 15:01:23 US/Central] PHP Warning:  simplexml_load_file(): SSL operation failed with code 1. OpenSSL Error messages:
error:1416F086:SSL routines:tls_process_server_certificate:certificate verify failed in /home/nodexyz/forum.node16.xyz/admin/index.php on line 24
[08-Dec-2023 15:01:23 US/Central] PHP Warning:  simplexml_load_file(): Failed to enable crypto in /home/nodexyz/forum.node16.xyz/admin/index.php on line 24
[08-Dec-2023 15:01:23 US/Central] PHP Warning:  simplexml_load_file(https://api.tidybb.co.uk/api.php?cmd=version): failed to open stream: operation failed in /home/nodexyz/forum.node16.xyz/admin/index.php on line 24
[08-Dec-2023 15:01:23 US/Central] PHP Warning:  simplexml_load_file(): I/O warning : failed to load external entity &quot;https://api.tidybb.co.uk/api.php?cmd=version&quot; in /home/nodexyz/forum.node16.xyz/admin/index.php on line 24
[08-Dec-2023 15:01:23 US/Central] PHP Warning:  simplexml_load_file(): SSL operation failed with code 1. OpenSSL Error messages:
error:1416F086:SSL routines:tls_process_server_certificate:certificate verify failed in /home/nodexyz/forum.node16.xyz/admin/index.php on line 161
[08-Dec-2023 15:01:23 US/Central] PHP Warning:  simplexml_load_file(): Failed to enable crypto in /home/nodexyz/forum.node16.xyz/admin/index.php on line 161
[08-Dec-2023 15:01:23 US/Central] PHP Warning:  simplexml_load_file(https://api.tidybb.co.uk/api.php?cmd=newsfeed): failed to open stream: operation failed in /home/nodexyz/forum.node16.xyz/admin/index.php on line 161
[08-Dec-2023 15:01:23 US/Central] PHP Warning:  simplexml_load_file(): I/O warning : failed to load external entity &quot;https://api.tidybb.co.uk/api.php?cmd=newsfeed&quot; in /home/nodexyz/forum.node16.xyz/admin/index.php on line 161
[08-Dec-2023 15:01:23 US/Central] PHP Warning:  Invalid argument supplied for foreach() in /home/nodexyz/forum.node16.xyz/admin/index.php on line 163
[08-Dec-2023 15:01:38 US/Central] PHP Warning:  simplexml_load_file(): SSL operation failed with code 1. OpenSSL Error messages:
error:1416F086:SSL routines:tls_process_server_certificate:certificate verify failed in /home/nodexyz/forum.node16.xyz/admin/index.php on line 24
[08-Dec-2023 15:01:38 US/Central] PHP Warning:  simplexml_load_file(): Failed to enable crypto in /home/nodexyz/forum.node16.xyz/admin/index.php on line 24
[08-Dec-2023 15:01:38 US/Central] PHP Warning:  simplexml_load_file(https://api.tidybb.co.uk/api.php?cmd=version): failed to open stream: operation failed in /home/nodexyz/forum.node16.xyz/admin/index.php on line 24
[08-Dec-2023 15:01:38 US/Central] PHP Warning:  simplexml_load_file(): I/O warning : failed to load external entity &quot;https://api.tidybb.co.uk/api.php?cmd=version&quot; in /home/nodexyz/forum.node16.xyz/admin/index.php on line 24
[08-Dec-2023 15:01:40 US/Central] PHP Warning:  simplexml_load_file(): SSL operation failed with code 1. OpenSSL Error messages:
error:1416F086:SSL routines:tls_process_server_certificate:certificate verify failed in /home/nodexyz/forum.node16.xyz/admin/index.php on line 161
[08-Dec-2023 15:01:40 US/Central] PHP Warning:  simplexml_load_file(): Failed to enable crypto in /home/nodexyz/forum.node16.xyz/admin/index.php on line 161
[08-Dec-2023 15:01:40 US/Central] PHP Warning:  simplexml_load_file(https://api.tidybb.co.uk/api.php?cmd=newsfeed): failed to open stream: operation failed in /home/nodexyz/forum.node16.xyz/admin/index.php on line 161
[08-Dec-2023 15:01:40 US/Central] PHP Warning:  simplexml_load_file(): I/O warning : failed to load external entity &quot;https://api.tidybb.co.uk/api.php?cmd=newsfeed&quot; in /home/nodexyz/forum.node16.xyz/admin/index.php on line 161
[08-Dec-2023 15:01:40 US/Central] PHP Warning:  Invalid argument supplied for foreach() in /home/nodexyz/forum.node16.xyz/admin/index.php on line 163
[08-Dec-2023 15:01:54 US/Central] PHP Warning:  simplexml_load_file(): SSL operation failed with code 1. OpenSSL Error messages:
error:1416F086:SSL routines:tls_process_server_certificate:certificate verify failed in /home/nodexyz/forum.node16.xyz/admin/index.php on line 24
[08-Dec-2023 15:01:54 US/Central] PHP Warning:  simplexml_load_file(): Failed to enable crypto in /home/nodexyz/forum.node16.xyz/admin/index.php on line 24
[08-Dec-2023 15:01:54 US/Central] PHP Warning:  simplexml_load_file(https://api.tidybb.co.uk/api.php?cmd=version): failed to open stream: operation failed in /home/nodexyz/forum.node16.xyz/admin/index.php on line 24
[08-Dec-2023 15:01:54 US/Central] PHP Warning:  simplexml_load_file(): I/O warning : failed to load external entity &quot;https://api.tidybb.co.uk/api.php?cmd=version&quot; in /home/nodexyz/forum.node16.xyz/admin/index.php on line 24
[08-Dec-2023 15:01:55 US/Central] PHP Warning:  simplexml_load_file(): SSL operation failed with code 1. OpenSSL Error messages:
error:1416F086:SSL routines:tls_process_server_certificate:certificate verify failed in /home/nodexyz/forum.node16.xyz/admin/index.php on line 161
[08-Dec-2023 15:01:55 US/Central] PHP Warning:  simplexml_load_file(): Failed to enable crypto in /home/nodexyz/forum.node16.xyz/admin/index.php on line 161
[08-Dec-2023 15:01:55 US/Central] PHP Warning:  simplexml_load_file(https://api.tidybb.co.uk/api.php?cmd=newsfeed): failed to open stream: operation failed in /home/nodexyz/forum.node16.xyz/admin/index.php on line 161
[08-Dec-2023 15:01:55 US/Central] PHP Warning:  simplexml_load_file(): I/O warning : failed to load external entity &quot;https://api.tidybb.co.uk/api.php?cmd=newsfeed&quot; in /home/nodexyz/forum.node16.xyz/admin/index.php on line 161
[08-Dec-2023 15:01:55 US/Central] PHP Warning:  Invalid argument supplied for foreach() in /home/nodexyz/forum.node16.xyz/admin/index.php on line 163
